[2020-02-15T10:49:05,396][INFO ][o.e.n.Node               ] [] initializing ...
[2020-02-15T10:49:05,585][INFO ][o.e.e.NodeEnvironment    ] [VYCxdHp] using [1] data paths, mounts [[/ (rootfs)]], net usable_space [32gb], net total_space [39.2gb], types [rootfs]
[2020-02-15T10:49:05,585][INFO ][o.e.e.NodeEnvironment    ] [VYCxdHp] heap size [61.8mb], compressed ordinary object pointers [true]
[2020-02-15T10:49:05,592][INFO ][o.e.n.Node               ] [VYCxdHp] node name derived from node ID [VYCxdHpeTiamVNz1dvjIww]; set [node.name] to override
[2020-02-15T10:49:05,592][INFO ][o.e.n.Node               ] [VYCxdHp] version[6.3.1], pid[3749], build[default/tar/eb782d0/2018-06-29T21:59:26.107521Z], OS[Linux/3.10.0-514.26.2.el7.x86_64/amd64], JVM[Oracle Corporation/Java HotSpot(TM) 64-Bit Server VM/1.8.0_171/25.171-b11]
[2020-02-15T10:49:05,592][INFO ][o.e.n.Node               ] [VYCxdHp] JVM arguments [-Xms64m, -Xmx64m, -XX:+UseConcMarkSweepGC, -XX:CMSInitiatingOccupancyFraction=75, -XX:+UseCMSInitiatingOccupancyOnly, -XX:+AlwaysPreTouch, -Xss1m, -Djava.awt.headless=true, -Dfile.encoding=UTF-8, -Djna.nosys=true, -XX:-OmitStackTraceInFastThrow, -Dio.netty.noUnsafe=true, -Dio.netty.noKeySetOptimization=true, -Dio.netty.recycler.maxCapacityPerThread=0, -Dlog4j.shutdownHookEnabled=false, -Dlog4j2.disable.jmx=true, -Djava.io.tmpdir=/tmp/elasticsearch.8oXCIWw6, -XX:+HeapDumpOnOutOfMemoryError, -XX:HeapDumpPath=data, -XX:ErrorFile=logs/hs_err_pid%p.log, -XX:+PrintGCDetails, -XX:+PrintGCDateStamps, -XX:+PrintTenuringDistribution, -XX:+PrintGCApplicationStoppedTime, -Xloggc:logs/gc.log, -XX:+UseGCLogFileRotation, -XX:NumberOfGCLogFiles=32, -XX:GCLogFileSize=64m, -Des.path.home=/opt/es/elasticsearch-6.3.1, -Des.path.conf=/opt/es/elasticsearch-6.3.1/config, -Des.distribution.flavor=default, -Des.distribution.type=tar]
[2020-02-15T10:49:10,560][INFO ][o.e.p.PluginsService     ] [VYCxdHp] loaded module [aggs-matrix-stats]
[2020-02-15T10:49:10,560][INFO ][o.e.p.PluginsService     ] [VYCxdHp] loaded module [analysis-common]
[2020-02-15T10:49:10,560][INFO ][o.e.p.PluginsService     ] [VYCxdHp] loaded module [ingest-common]
[2020-02-15T10:49:10,560][INFO ][o.e.p.PluginsService     ] [VYCxdHp] loaded module [lang-expression]
[2020-02-15T10:49:10,560][INFO ][o.e.p.PluginsService     ] [VYCxdHp] loaded module [lang-mustache]
[2020-02-15T10:49:10,560][INFO ][o.e.p.PluginsService     ] [VYCxdHp] loaded module [lang-painless]
[2020-02-15T10:49:10,568][INFO ][o.e.p.PluginsService     ] [VYCxdHp] loaded module [mapper-extras]
[2020-02-15T10:49:10,569][INFO ][o.e.p.PluginsService     ] [VYCxdHp] loaded module [parent-join]
[2020-02-15T10:49:10,569][INFO ][o.e.p.PluginsService     ] [VYCxdHp] loaded module [percolator]
[2020-02-15T10:49:10,569][INFO ][o.e.p.PluginsService     ] [VYCxdHp] loaded module [rank-eval]
[2020-02-15T10:49:10,569][INFO ][o.e.p.PluginsService     ] [VYCxdHp] loaded module [reindex]
[2020-02-15T10:49:10,569][INFO ][o.e.p.PluginsService     ] [VYCxdHp] loaded module [repository-url]
[2020-02-15T10:49:10,569][INFO ][o.e.p.PluginsService     ] [VYCxdHp] loaded module [transport-netty4]
[2020-02-15T10:49:10,569][INFO ][o.e.p.PluginsService     ] [VYCxdHp] loaded module [tribe]
[2020-02-15T10:49:10,569][INFO ][o.e.p.PluginsService     ] [VYCxdHp] loaded module [x-pack-core]
[2020-02-15T10:49:10,569][INFO ][o.e.p.PluginsService     ] [VYCxdHp] loaded module [x-pack-deprecation]
[2020-02-15T10:49:10,569][INFO ][o.e.p.PluginsService     ] [VYCxdHp] loaded module [x-pack-graph]
[2020-02-15T10:49:10,569][INFO ][o.e.p.PluginsService     ] [VYCxdHp] loaded module [x-pack-logstash]
[2020-02-15T10:49:10,569][INFO ][o.e.p.PluginsService     ] [VYCxdHp] loaded module [x-pack-ml]
[2020-02-15T10:49:10,570][INFO ][o.e.p.PluginsService     ] [VYCxdHp] loaded module [x-pack-monitoring]
[2020-02-15T10:49:10,570][INFO ][o.e.p.PluginsService     ] [VYCxdHp] loaded module [x-pack-rollup]
[2020-02-15T10:49:10,570][INFO ][o.e.p.PluginsService     ] [VYCxdHp] loaded module [x-pack-security]
[2020-02-15T10:49:10,570][INFO ][o.e.p.PluginsService     ] [VYCxdHp] loaded module [x-pack-sql]
[2020-02-15T10:49:10,570][INFO ][o.e.p.PluginsService     ] [VYCxdHp] loaded module [x-pack-upgrade]
[2020-02-15T10:49:10,570][INFO ][o.e.p.PluginsService     ] [VYCxdHp] loaded module [x-pack-watcher]
[2020-02-15T10:49:10,570][INFO ][o.e.p.PluginsService     ] [VYCxdHp] no plugins loaded
[2020-02-15T10:49:18,443][INFO ][o.e.x.s.a.s.FileRolesStore] [VYCxdHp] parsed [0] roles from file [/opt/es/elasticsearch-6.3.1/config/roles.yml]
[2020-02-15T10:49:19,809][INFO ][o.e.x.m.j.p.l.CppLogMessageHandler] [controller/3812] [Main.cc@109] controller (64 bit): Version 6.3.1 (Build 4d0b8f0a0ef401) Copyright (c) 2018 Elasticsearch BV
[2020-02-15T10:49:20,714][DEBUG][o.e.a.ActionModule       ] Using REST wrapper from plugin org.elasticsearch.xpack.security.Security
[2020-02-15T10:49:21,350][INFO ][o.e.d.DiscoveryModule    ] [VYCxdHp] using discovery type [zen]
[2020-02-15T10:49:23,762][INFO ][o.e.n.Node               ] [VYCxdHp] initialized
[2020-02-15T10:49:23,763][INFO ][o.e.n.Node               ] [VYCxdHp] starting ...
[2020-02-15T10:49:24,425][ERROR][o.e.b.Bootstrap          ] [VYCxdHp] Exception
org.elasticsearch.transport.BindTransportException: Failed to bind to [9300-9400]
	at org.elasticsearch.transport.TcpTransport.bindToPort(TcpTransport.java:809) ~[elasticsearch-6.3.1.jar:6.3.1]
	at org.elasticsearch.transport.TcpTransport.bindServer(TcpTransport.java:774) ~[elasticsearch-6.3.1.jar:6.3.1]
	at org.elasticsearch.transport.netty4.Netty4Transport.doStart(Netty4Transport.java:135) ~[?:?]
	at org.elasticsearch.xpack.core.security.transport.netty4.SecurityNetty4Transport.doStart(SecurityNetty4Transport.java:85) ~[?:?]
	at org.elasticsearch.xpack.security.transport.netty4.SecurityNetty4ServerTransport.doStart(SecurityNetty4ServerTransport.java:41) ~[?:?]
	at org.elasticsearch.common.component.AbstractLifecycleComponent.start(AbstractLifecycleComponent.java:66) ~[elasticsearch-6.3.1.jar:6.3.1]
	at org.elasticsearch.transport.TransportService.doStart(TransportService.java:213) ~[elasticsearch-6.3.1.jar:6.3.1]
	at org.elasticsearch.common.component.AbstractLifecycleComponent.start(AbstractLifecycleComponent.java:66) ~[elasticsearch-6.3.1.jar:6.3.1]
	at org.elasticsearch.node.Node.start(Node.java:652) ~[elasticsearch-6.3.1.jar:6.3.1]
	at org.elasticsearch.bootstrap.Bootstrap.start(Bootstrap.java:265) ~[elasticsearch-6.3.1.jar:6.3.1]
	at org.elasticsearch.bootstrap.Bootstrap.init(Bootstrap.java:335) [elasticsearch-6.3.1.jar:6.3.1]
	at org.elasticsearch.bootstrap.Elasticsearch.init(Elasticsearch.java:136) [elasticsearch-6.3.1.jar:6.3.1]
	at org.elasticsearch.bootstrap.Elasticsearch.execute(Elasticsearch.java:127) [elasticsearch-6.3.1.jar:6.3.1]
	at org.elasticsearch.cli.EnvironmentAwareCommand.execute(EnvironmentAwareCommand.java:86) [elasticsearch-6.3.1.jar:6.3.1]
	at org.elasticsearch.cli.Command.mainWithoutErrorHandling(Command.java:124) [elasticsearch-cli-6.3.1.jar:6.3.1]
	at org.elasticsearch.cli.Command.main(Command.java:90) [elasticsearch-cli-6.3.1.jar:6.3.1]
	at org.elasticsearch.bootstrap.Elasticsearch.main(Elasticsearch.java:93) [elasticsearch-6.3.1.jar:6.3.1]
	at org.elasticsearch.bootstrap.Elasticsearch.main(Elasticsearch.java:86) [elasticsearch-6.3.1.jar:6.3.1]
Caused by: java.net.BindException: Cannot assign requested address
	at sun.nio.ch.Net.bind0(Native Method) ~[?:?]
	at sun.nio.ch.Net.bind(Net.java:433) ~[?:?]
	at sun.nio.ch.Net.bind(Net.java:425) ~[?:?]
	at sun.nio.ch.ServerSocketChannelImpl.bind(ServerSocketChannelImpl.java:223) ~[?:?]
	at io.netty.channel.socket.nio.NioServerSocketChannel.doBind(NioServerSocketChannel.java:128) ~[?:?]
	at io.netty.channel.AbstractChannel$AbstractUnsafe.bind(AbstractChannel.java:558) ~[?:?]
	at io.netty.channel.DefaultChannelPipeline$HeadContext.bind(DefaultChannelPipeline.java:1283) ~[?:?]
	at io.netty.channel.AbstractChannelHandlerContext.invokeBind(AbstractChannelHandlerContext.java:501) ~[?:?]
	at io.netty.channel.AbstractChannelHandlerContext.bind(AbstractChannelHandlerContext.java:486) ~[?:?]
	at io.netty.channel.DefaultChannelPipeline.bind(DefaultChannelPipeline.java:989) ~[?:?]
	at io.netty.channel.AbstractChannel.bind(AbstractChannel.java:254) ~[?:?]
	at io.netty.bootstrap.AbstractBootstrap$2.run(AbstractBootstrap.java:365) ~[?:?]
	at io.netty.util.concurrent.AbstractEventExecutor.safeExecute(AbstractEventExecutor.java:163) ~[?:?]
	at io.netty.util.concurrent.SingleThreadEventExecutor.runAllTasks(SingleThreadEventExecutor.java:403) ~[?:?]
	at io.netty.channel.nio.NioEventLoop.run(NioEventLoop.java:463) ~[?:?]
	at io.netty.util.concurrent.SingleThreadEventExecutor$5.run(SingleThreadEventExecutor.java:858) ~[?:?]
	at java.lang.Thread.run(Thread.java:748) ~[?:1.8.0_171]
[2020-02-15T10:49:24,469][WARN ][o.e.b.ElasticsearchUncaughtExceptionHandler] [] uncaught exception in thread [main]
org.elasticsearch.bootstrap.StartupException: BindTransportException[Failed to bind to [9300-9400]]; nested: BindException[Cannot assign requested address];
	at org.elasticsearch.bootstrap.Elasticsearch.init(Elasticsearch.java:140) ~[elasticsearch-6.3.1.jar:6.3.1]
	at org.elasticsearch.bootstrap.Elasticsearch.execute(Elasticsearch.java:127) ~[elasticsearch-6.3.1.jar:6.3.1]
	at org.elasticsearch.cli.EnvironmentAwareCommand.execute(EnvironmentAwareCommand.java:86) ~[elasticsearch-6.3.1.jar:6.3.1]
	at org.elasticsearch.cli.Command.mainWithoutErrorHandling(Command.java:124) ~[elasticsearch-cli-6.3.1.jar:6.3.1]
	at org.elasticsearch.cli.Command.main(Command.java:90) ~[elasticsearch-cli-6.3.1.jar:6.3.1]
	at org.elasticsearch.bootstrap.Elasticsearch.main(Elasticsearch.java:93) ~[elasticsearch-6.3.1.jar:6.3.1]
	at org.elasticsearch.bootstrap.Elasticsearch.main(Elasticsearch.java:86) ~[elasticsearch-6.3.1.jar:6.3.1]
Caused by: org.elasticsearch.transport.BindTransportException: Failed to bind to [9300-9400]
	at org.elasticsearch.transport.TcpTransport.bindToPort(TcpTransport.java:809) ~[elasticsearch-6.3.1.jar:6.3.1]
	at org.elasticsearch.transport.TcpTransport.bindServer(TcpTransport.java:774) ~[elasticsearch-6.3.1.jar:6.3.1]
	at org.elasticsearch.transport.netty4.Netty4Transport.doStart(Netty4Transport.java:135) ~[?:?]
	at org.elasticsearch.xpack.core.security.transport.netty4.SecurityNetty4Transport.doStart(SecurityNetty4Transport.java:85) ~[?:?]
	at org.elasticsearch.xpack.security.transport.netty4.SecurityNetty4ServerTransport.doStart(SecurityNetty4ServerTransport.java:41) ~[?:?]
	at org.elasticsearch.common.component.AbstractLifecycleComponent.start(AbstractLifecycleComponent.java:66) ~[elasticsearch-6.3.1.jar:6.3.1]
	at org.elasticsearch.transport.TransportService.doStart(TransportService.java:213) ~[elasticsearch-6.3.1.jar:6.3.1]
	at org.elasticsearch.common.component.AbstractLifecycleComponent.start(AbstractLifecycleComponent.java:66) ~[elasticsearch-6.3.1.jar:6.3.1]
	at org.elasticsearch.node.Node.start(Node.java:652) ~[elasticsearch-6.3.1.jar:6.3.1]
	at org.elasticsearch.bootstrap.Bootstrap.start(Bootstrap.java:265) ~[elasticsearch-6.3.1.jar:6.3.1]
	at org.elasticsearch.bootstrap.Bootstrap.init(Bootstrap.java:335) ~[elasticsearch-6.3.1.jar:6.3.1]
	at org.elasticsearch.bootstrap.Elasticsearch.init(Elasticsearch.java:136) ~[elasticsearch-6.3.1.jar:6.3.1]
	... 6 more
Caused by: java.net.BindException: Cannot assign requested address
	at sun.nio.ch.Net.bind0(Native Method) ~[?:?]
	at sun.nio.ch.Net.bind(Net.java:433) ~[?:?]
	at sun.nio.ch.Net.bind(Net.java:425) ~[?:?]
	at sun.nio.ch.ServerSocketChannelImpl.bind(ServerSocketChannelImpl.java:223) ~[?:?]
	at io.netty.channel.socket.nio.NioServerSocketChannel.doBind(NioServerSocketChannel.java:128) ~[?:?]
	at io.netty.channel.AbstractChannel$AbstractUnsafe.bind(AbstractChannel.java:558) ~[?:?]
	at io.netty.channel.DefaultChannelPipeline$HeadContext.bind(DefaultChannelPipeline.java:1283) ~[?:?]
	at io.netty.channel.AbstractChannelHandlerContext.invokeBind(AbstractChannelHandlerContext.java:501) ~[?:?]
	at io.netty.channel.AbstractChannelHandlerContext.bind(AbstractChannelHandlerContext.java:486) ~[?:?]
	at io.netty.channel.DefaultChannelPipeline.bind(DefaultChannelPipeline.java:989) ~[?:?]
	at io.netty.channel.AbstractChannel.bind(AbstractChannel.java:254) ~[?:?]
	at io.netty.bootstrap.AbstractBootstrap$2.run(AbstractBootstrap.java:365) ~[?:?]
	at io.netty.util.concurrent.AbstractEventExecutor.safeExecute(AbstractEventExecutor.java:163) ~[?:?]
	at io.netty.util.concurrent.SingleThreadEventExecutor.runAllTasks(SingleThreadEventExecutor.java:403) ~[?:?]
	at io.netty.channel.nio.NioEventLoop.run(NioEventLoop.java:463) ~[?:?]
	at io.netty.util.concurrent.SingleThreadEventExecutor$5.run(SingleThreadEventExecutor.java:858) ~[?:?]
	at java.lang.Thread.run(Thread.java:748) [?:1.8.0_171]
[2020-02-15T10:49:24,895][INFO ][o.e.n.Node               ] [VYCxdHp] stopping ...
[2020-02-15T10:49:24,911][INFO ][o.e.n.Node               ] [VYCxdHp] stopped
[2020-02-15T10:49:24,911][INFO ][o.e.n.Node               ] [VYCxdHp] closing ...
[2020-02-15T10:49:24,962][INFO ][o.e.n.Node               ] [VYCxdHp] closed
[2020-02-15T10:49:24,965][INFO ][o.e.x.m.j.p.NativeController] Native controller process has stopped - no new native processes can be started
[2020-02-15T11:04:47,873][INFO ][o.e.n.Node               ] [] initializing ...
[2020-02-15T11:04:48,042][INFO ][o.e.e.NodeEnvironment    ] [VYCxdHp] using [1] data paths, mounts [[/ (rootfs)]], net usable_space [32gb], net total_space [39.2gb], types [rootfs]
[2020-02-15T11:04:48,049][INFO ][o.e.e.NodeEnvironment    ] [VYCxdHp] heap size [61.8mb], compressed ordinary object pointers [true]
[2020-02-15T11:04:48,050][INFO ][o.e.n.Node               ] [VYCxdHp] node name derived from node ID [VYCxdHpeTiamVNz1dvjIww]; set [node.name] to override
[2020-02-15T11:04:48,050][INFO ][o.e.n.Node               ] [VYCxdHp] version[6.3.1], pid[4503], build[default/tar/eb782d0/2018-06-29T21:59:26.107521Z], OS[Linux/3.10.0-514.26.2.el7.x86_64/amd64], JVM[Oracle Corporation/Java HotSpot(TM) 64-Bit Server VM/1.8.0_171/25.171-b11]
[2020-02-15T11:04:48,050][INFO ][o.e.n.Node               ] [VYCxdHp] JVM arguments [-Xms64m, -Xmx64m, -XX:+UseConcMarkSweepGC, -XX:CMSInitiatingOccupancyFraction=75, -XX:+UseCMSInitiatingOccupancyOnly, -XX:+AlwaysPreTouch, -Xss1m, -Djava.awt.headless=true, -Dfile.encoding=UTF-8, -Djna.nosys=true, -XX:-OmitStackTraceInFastThrow, -Dio.netty.noUnsafe=true, -Dio.netty.noKeySetOptimization=true, -Dio.netty.recycler.maxCapacityPerThread=0, -Dlog4j.shutdownHookEnabled=false, -Dlog4j2.disable.jmx=true, -Djava.io.tmpdir=/tmp/elasticsearch.5lmbwOxU, -XX:+HeapDumpOnOutOfMemoryError, -XX:HeapDumpPath=data, -XX:ErrorFile=logs/hs_err_pid%p.log, -XX:+PrintGCDetails, -XX:+PrintGCDateStamps, -XX:+PrintTenuringDistribution, -XX:+PrintGCApplicationStoppedTime, -Xloggc:logs/gc.log, -XX:+UseGCLogFileRotation, -XX:NumberOfGCLogFiles=32, -XX:GCLogFileSize=64m, -Des.path.home=/opt/es/elasticsearch-6.3.1, -Des.path.conf=/opt/es/elasticsearch-6.3.1/config, -Des.distribution.flavor=default, -Des.distribution.type=tar]
[2020-02-15T11:04:53,072][INFO ][o.e.p.PluginsService     ] [VYCxdHp] loaded module [aggs-matrix-stats]
[2020-02-15T11:04:53,072][INFO ][o.e.p.PluginsService     ] [VYCxdHp] loaded module [analysis-common]
[2020-02-15T11:04:53,073][INFO ][o.e.p.PluginsService     ] [VYCxdHp] loaded module [ingest-common]
[2020-02-15T11:04:53,073][INFO ][o.e.p.PluginsService     ] [VYCxdHp] loaded module [lang-expression]
[2020-02-15T11:04:53,073][INFO ][o.e.p.PluginsService     ] [VYCxdHp] loaded module [lang-mustache]
[2020-02-15T11:04:53,073][INFO ][o.e.p.PluginsService     ] [VYCxdHp] loaded module [lang-painless]
[2020-02-15T11:04:53,073][INFO ][o.e.p.PluginsService     ] [VYCxdHp] loaded module [mapper-extras]
[2020-02-15T11:04:53,073][INFO ][o.e.p.PluginsService     ] [VYCxdHp] loaded module [parent-join]
[2020-02-15T11:04:53,073][INFO ][o.e.p.PluginsService     ] [VYCxdHp] loaded module [percolator]
[2020-02-15T11:04:53,073][INFO ][o.e.p.PluginsService     ] [VYCxdHp] loaded module [rank-eval]
[2020-02-15T11:04:53,073][INFO ][o.e.p.PluginsService     ] [VYCxdHp] loaded module [reindex]
[2020-02-15T11:04:53,073][INFO ][o.e.p.PluginsService     ] [VYCxdHp] loaded module [repository-url]
[2020-02-15T11:04:53,076][INFO ][o.e.p.PluginsService     ] [VYCxdHp] loaded module [transport-netty4]
[2020-02-15T11:04:53,076][INFO ][o.e.p.PluginsService     ] [VYCxdHp] loaded module [tribe]
[2020-02-15T11:04:53,076][INFO ][o.e.p.PluginsService     ] [VYCxdHp] loaded module [x-pack-core]
[2020-02-15T11:04:53,076][INFO ][o.e.p.PluginsService     ] [VYCxdHp] loaded module [x-pack-deprecation]
[2020-02-15T11:04:53,076][INFO ][o.e.p.PluginsService     ] [VYCxdHp] loaded module [x-pack-graph]
[2020-02-15T11:04:53,076][INFO ][o.e.p.PluginsService     ] [VYCxdHp] loaded module [x-pack-logstash]
[2020-02-15T11:04:53,076][INFO ][o.e.p.PluginsService     ] [VYCxdHp] loaded module [x-pack-ml]
[2020-02-15T11:04:53,076][INFO ][o.e.p.PluginsService     ] [VYCxdHp] loaded module [x-pack-monitoring]
[2020-02-15T11:04:53,076][INFO ][o.e.p.PluginsService     ] [VYCxdHp] loaded module [x-pack-rollup]
[2020-02-15T11:04:53,076][INFO ][o.e.p.PluginsService     ] [VYCxdHp] loaded module [x-pack-security]
[2020-02-15T11:04:53,076][INFO ][o.e.p.PluginsService     ] [VYCxdHp] loaded module [x-pack-sql]
[2020-02-15T11:04:53,076][INFO ][o.e.p.PluginsService     ] [VYCxdHp] loaded module [x-pack-upgrade]
[2020-02-15T11:04:53,077][INFO ][o.e.p.PluginsService     ] [VYCxdHp] loaded module [x-pack-watcher]
[2020-02-15T11:04:53,077][INFO ][o.e.p.PluginsService     ] [VYCxdHp] no plugins loaded
[2020-02-15T11:05:01,082][INFO ][o.e.x.s.a.s.FileRolesStore] [VYCxdHp] parsed [0] roles from file [/opt/es/elasticsearch-6.3.1/config/roles.yml]
[2020-02-15T11:05:02,505][INFO ][o.e.x.m.j.p.l.CppLogMessageHandler] [controller/4551] [Main.cc@109] controller (64 bit): Version 6.3.1 (Build 4d0b8f0a0ef401) Copyright (c) 2018 Elasticsearch BV
[2020-02-15T11:05:03,463][DEBUG][o.e.a.ActionModule       ] Using REST wrapper from plugin org.elasticsearch.xpack.security.Security
[2020-02-15T11:05:03,994][INFO ][o.e.d.DiscoveryModule    ] [VYCxdHp] using discovery type [zen]
[2020-02-15T11:05:06,569][INFO ][o.e.n.Node               ] [VYCxdHp] initialized
[2020-02-15T11:05:06,570][INFO ][o.e.n.Node               ] [VYCxdHp] starting ...
[2020-02-15T11:05:07,273][ERROR][o.e.b.Bootstrap          ] [VYCxdHp] Exception
org.elasticsearch.transport.BindTransportException: Failed to bind to [9300-9400]
	at org.elasticsearch.transport.TcpTransport.bindToPort(TcpTransport.java:809) ~[elasticsearch-6.3.1.jar:6.3.1]
	at org.elasticsearch.transport.TcpTransport.bindServer(TcpTransport.java:774) ~[elasticsearch-6.3.1.jar:6.3.1]
	at org.elasticsearch.transport.netty4.Netty4Transport.doStart(Netty4Transport.java:135) ~[?:?]
	at org.elasticsearch.xpack.core.security.transport.netty4.SecurityNetty4Transport.doStart(SecurityNetty4Transport.java:85) ~[?:?]
	at org.elasticsearch.xpack.security.transport.netty4.SecurityNetty4ServerTransport.doStart(SecurityNetty4ServerTransport.java:41) ~[?:?]
	at org.elasticsearch.common.component.AbstractLifecycleComponent.start(AbstractLifecycleComponent.java:66) ~[elasticsearch-6.3.1.jar:6.3.1]
	at org.elasticsearch.transport.TransportService.doStart(TransportService.java:213) ~[elasticsearch-6.3.1.jar:6.3.1]
	at org.elasticsearch.common.component.AbstractLifecycleComponent.start(AbstractLifecycleComponent.java:66) ~[elasticsearch-6.3.1.jar:6.3.1]
	at org.elasticsearch.node.Node.start(Node.java:652) ~[elasticsearch-6.3.1.jar:6.3.1]
	at org.elasticsearch.bootstrap.Bootstrap.start(Bootstrap.java:265) ~[elasticsearch-6.3.1.jar:6.3.1]
	at org.elasticsearch.bootstrap.Bootstrap.init(Bootstrap.java:335) [elasticsearch-6.3.1.jar:6.3.1]
	at org.elasticsearch.bootstrap.Elasticsearch.init(Elasticsearch.java:136) [elasticsearch-6.3.1.jar:6.3.1]
	at org.elasticsearch.bootstrap.Elasticsearch.execute(Elasticsearch.java:127) [elasticsearch-6.3.1.jar:6.3.1]
	at org.elasticsearch.cli.EnvironmentAwareCommand.execute(EnvironmentAwareCommand.java:86) [elasticsearch-6.3.1.jar:6.3.1]
	at org.elasticsearch.cli.Command.mainWithoutErrorHandling(Command.java:124) [elasticsearch-cli-6.3.1.jar:6.3.1]
	at org.elasticsearch.cli.Command.main(Command.java:90) [elasticsearch-cli-6.3.1.jar:6.3.1]
	at org.elasticsearch.bootstrap.Elasticsearch.main(Elasticsearch.java:93) [elasticsearch-6.3.1.jar:6.3.1]
	at org.elasticsearch.bootstrap.Elasticsearch.main(Elasticsearch.java:86) [elasticsearch-6.3.1.jar:6.3.1]
Caused by: java.net.BindException: Cannot assign requested address
	at sun.nio.ch.Net.bind0(Native Method) ~[?:?]
	at sun.nio.ch.Net.bind(Net.java:433) ~[?:?]
	at sun.nio.ch.Net.bind(Net.java:425) ~[?:?]
	at sun.nio.ch.ServerSocketChannelImpl.bind(ServerSocketChannelImpl.java:223) ~[?:?]
	at io.netty.channel.socket.nio.NioServerSocketChannel.doBind(NioServerSocketChannel.java:128) ~[?:?]
	at io.netty.channel.AbstractChannel$AbstractUnsafe.bind(AbstractChannel.java:558) ~[?:?]
	at io.netty.channel.DefaultChannelPipeline$HeadContext.bind(DefaultChannelPipeline.java:1283) ~[?:?]
	at io.netty.channel.AbstractChannelHandlerContext.invokeBind(AbstractChannelHandlerContext.java:501) ~[?:?]
	at io.netty.channel.AbstractChannelHandlerContext.bind(AbstractChannelHandlerContext.java:486) ~[?:?]
	at io.netty.channel.DefaultChannelPipeline.bind(DefaultChannelPipeline.java:989) ~[?:?]
	at io.netty.channel.AbstractChannel.bind(AbstractChannel.java:254) ~[?:?]
	at io.netty.bootstrap.AbstractBootstrap$2.run(AbstractBootstrap.java:365) ~[?:?]
	at io.netty.util.concurrent.AbstractEventExecutor.safeExecute(AbstractEventExecutor.java:163) ~[?:?]
	at io.netty.util.concurrent.SingleThreadEventExecutor.runAllTasks(SingleThreadEventExecutor.java:403) ~[?:?]
	at io.netty.channel.nio.NioEventLoop.run(NioEventLoop.java:463) ~[?:?]
	at io.netty.util.concurrent.SingleThreadEventExecutor$5.run(SingleThreadEventExecutor.java:858) ~[?:?]
	at java.lang.Thread.run(Thread.java:748) ~[?:1.8.0_171]
[2020-02-15T11:05:07,307][WARN ][o.e.b.ElasticsearchUncaughtExceptionHandler] [] uncaught exception in thread [main]
org.elasticsearch.bootstrap.StartupException: BindTransportException[Failed to bind to [9300-9400]]; nested: BindException[Cannot assign requested address];
	at org.elasticsearch.bootstrap.Elasticsearch.init(Elasticsearch.java:140) ~[elasticsearch-6.3.1.jar:6.3.1]
	at org.elasticsearch.bootstrap.Elasticsearch.execute(Elasticsearch.java:127) ~[elasticsearch-6.3.1.jar:6.3.1]
	at org.elasticsearch.cli.EnvironmentAwareCommand.execute(EnvironmentAwareCommand.java:86) ~[elasticsearch-6.3.1.jar:6.3.1]
	at org.elasticsearch.cli.Command.mainWithoutErrorHandling(Command.java:124) ~[elasticsearch-cli-6.3.1.jar:6.3.1]
	at org.elasticsearch.cli.Command.main(Command.java:90) ~[elasticsearch-cli-6.3.1.jar:6.3.1]
	at org.elasticsearch.bootstrap.Elasticsearch.main(Elasticsearch.java:93) ~[elasticsearch-6.3.1.jar:6.3.1]
	at org.elasticsearch.bootstrap.Elasticsearch.main(Elasticsearch.java:86) ~[elasticsearch-6.3.1.jar:6.3.1]
Caused by: org.elasticsearch.transport.BindTransportException: Failed to bind to [9300-9400]
	at org.elasticsearch.transport.TcpTransport.bindToPort(TcpTransport.java:809) ~[elasticsearch-6.3.1.jar:6.3.1]
	at org.elasticsearch.transport.TcpTransport.bindServer(TcpTransport.java:774) ~[elasticsearch-6.3.1.jar:6.3.1]
	at org.elasticsearch.transport.netty4.Netty4Transport.doStart(Netty4Transport.java:135) ~[?:?]
	at org.elasticsearch.xpack.core.security.transport.netty4.SecurityNetty4Transport.doStart(SecurityNetty4Transport.java:85) ~[?:?]
	at org.elasticsearch.xpack.security.transport.netty4.SecurityNetty4ServerTransport.doStart(SecurityNetty4ServerTransport.java:41) ~[?:?]
	at org.elasticsearch.common.component.AbstractLifecycleComponent.start(AbstractLifecycleComponent.java:66) ~[elasticsearch-6.3.1.jar:6.3.1]
	at org.elasticsearch.transport.TransportService.doStart(TransportService.java:213) ~[elasticsearch-6.3.1.jar:6.3.1]
	at org.elasticsearch.common.component.AbstractLifecycleComponent.start(AbstractLifecycleComponent.java:66) ~[elasticsearch-6.3.1.jar:6.3.1]
	at org.elasticsearch.node.Node.start(Node.java:652) ~[elasticsearch-6.3.1.jar:6.3.1]
	at org.elasticsearch.bootstrap.Bootstrap.start(Bootstrap.java:265) ~[elasticsearch-6.3.1.jar:6.3.1]
	at org.elasticsearch.bootstrap.Bootstrap.init(Bootstrap.java:335) ~[elasticsearch-6.3.1.jar:6.3.1]
	at org.elasticsearch.bootstrap.Elasticsearch.init(Elasticsearch.java:136) ~[elasticsearch-6.3.1.jar:6.3.1]
	... 6 more
Caused by: java.net.BindException: Cannot assign requested address
	at sun.nio.ch.Net.bind0(Native Method) ~[?:?]
	at sun.nio.ch.Net.bind(Net.java:433) ~[?:?]
	at sun.nio.ch.Net.bind(Net.java:425) ~[?:?]
	at sun.nio.ch.ServerSocketChannelImpl.bind(ServerSocketChannelImpl.java:223) ~[?:?]
	at io.netty.channel.socket.nio.NioServerSocketChannel.doBind(NioServerSocketChannel.java:128) ~[?:?]
	at io.netty.channel.AbstractChannel$AbstractUnsafe.bind(AbstractChannel.java:558) ~[?:?]
	at io.netty.channel.DefaultChannelPipeline$HeadContext.bind(DefaultChannelPipeline.java:1283) ~[?:?]
	at io.netty.channel.AbstractChannelHandlerContext.invokeBind(AbstractChannelHandlerContext.java:501) ~[?:?]
	at io.netty.channel.AbstractChannelHandlerContext.bind(AbstractChannelHandlerContext.java:486) ~[?:?]
	at io.netty.channel.DefaultChannelPipeline.bind(DefaultChannelPipeline.java:989) ~[?:?]
	at io.netty.channel.AbstractChannel.bind(AbstractChannel.java:254) ~[?:?]
	at io.netty.bootstrap.AbstractBootstrap$2.run(AbstractBootstrap.java:365) ~[?:?]
	at io.netty.util.concurrent.AbstractEventExecutor.safeExecute(AbstractEventExecutor.java:163) ~[?:?]
	at io.netty.util.concurrent.SingleThreadEventExecutor.runAllTasks(SingleThreadEventExecutor.java:403) ~[?:?]
	at io.netty.channel.nio.NioEventLoop.run(NioEventLoop.java:463) ~[?:?]
	at io.netty.util.concurrent.SingleThreadEventExecutor$5.run(SingleThreadEventExecutor.java:858) ~[?:?]
	at java.lang.Thread.run(Thread.java:748) [?:1.8.0_171]
[2020-02-15T11:05:07,796][INFO ][o.e.n.Node               ] [VYCxdHp] stopping ...
[2020-02-15T11:05:07,876][INFO ][o.e.n.Node               ] [VYCxdHp] stopped
[2020-02-15T11:05:07,876][INFO ][o.e.n.Node               ] [VYCxdHp] closing ...
[2020-02-15T11:05:07,918][INFO ][o.e.n.Node               ] [VYCxdHp] closed
[2020-02-15T11:05:07,942][INFO ][o.e.x.m.j.p.NativeController] Native controller process has stopped - no new native processes can be started
[2020-02-15T11:07:40,073][INFO ][o.e.n.Node               ] [] initializing ...
[2020-02-15T11:07:40,214][INFO ][o.e.e.NodeEnvironment    ] [VYCxdHp] using [1] data paths, mounts [[/ (rootfs)]], net usable_space [32gb], net total_space [39.2gb], types [rootfs]
[2020-02-15T11:07:40,215][INFO ][o.e.e.NodeEnvironment    ] [VYCxdHp] heap size [61.8mb], compressed ordinary object pointers [true]
[2020-02-15T11:07:40,216][INFO ][o.e.n.Node               ] [VYCxdHp] node name derived from node ID [VYCxdHpeTiamVNz1dvjIww]; set [node.name] to override
[2020-02-15T11:07:40,216][INFO ][o.e.n.Node               ] [VYCxdHp] version[6.3.1], pid[4691], build[default/tar/eb782d0/2018-06-29T21:59:26.107521Z], OS[Linux/3.10.0-514.26.2.el7.x86_64/amd64], JVM[Oracle Corporation/Java HotSpot(TM) 64-Bit Server VM/1.8.0_171/25.171-b11]
[2020-02-15T11:07:40,217][INFO ][o.e.n.Node               ] [VYCxdHp] JVM arguments [-Xms64m, -Xmx64m, -XX:+UseConcMarkSweepGC, -XX:CMSInitiatingOccupancyFraction=75, -XX:+UseCMSInitiatingOccupancyOnly, -XX:+AlwaysPreTouch, -Xss1m, -Djava.awt.headless=true, -Dfile.encoding=UTF-8, -Djna.nosys=true, -XX:-OmitStackTraceInFastThrow, -Dio.netty.noUnsafe=true, -Dio.netty.noKeySetOptimization=true, -Dio.netty.recycler.maxCapacityPerThread=0, -Dlog4j.shutdownHookEnabled=false, -Dlog4j2.disable.jmx=true, -Djava.io.tmpdir=/tmp/elasticsearch.QvXLfiQZ, -XX:+HeapDumpOnOutOfMemoryError, -XX:HeapDumpPath=data, -XX:ErrorFile=logs/hs_err_pid%p.log, -XX:+PrintGCDetails, -XX:+PrintGCDateStamps, -XX:+PrintTenuringDistribution, -XX:+PrintGCApplicationStoppedTime, -Xloggc:logs/gc.log, -XX:+UseGCLogFileRotation, -XX:NumberOfGCLogFiles=32, -XX:GCLogFileSize=64m, -Des.path.home=/opt/es/elasticsearch-6.3.1, -Des.path.conf=/opt/es/elasticsearch-6.3.1/config, -Des.distribution.flavor=default, -Des.distribution.type=tar]
[2020-02-15T11:07:44,716][INFO ][o.e.p.PluginsService     ] [VYCxdHp] loaded module [aggs-matrix-stats]
[2020-02-15T11:07:44,716][INFO ][o.e.p.PluginsService     ] [VYCxdHp] loaded module [analysis-common]
[2020-02-15T11:07:44,716][INFO ][o.e.p.PluginsService     ] [VYCxdHp] loaded module [ingest-common]
[2020-02-15T11:07:44,716][INFO ][o.e.p.PluginsService     ] [VYCxdHp] loaded module [lang-expression]
[2020-02-15T11:07:44,716][INFO ][o.e.p.PluginsService     ] [VYCxdHp] loaded module [lang-mustache]
[2020-02-15T11:07:44,716][INFO ][o.e.p.PluginsService     ] [VYCxdHp] loaded module [lang-painless]
[2020-02-15T11:07:44,716][INFO ][o.e.p.PluginsService     ] [VYCxdHp] loaded module [mapper-extras]
[2020-02-15T11:07:44,717][INFO ][o.e.p.PluginsService     ] [VYCxdHp] loaded module [parent-join]
[2020-02-15T11:07:44,717][INFO ][o.e.p.PluginsService     ] [VYCxdHp] loaded module [percolator]
[2020-02-15T11:07:44,717][INFO ][o.e.p.PluginsService     ] [VYCxdHp] loaded module [rank-eval]
[2020-02-15T11:07:44,717][INFO ][o.e.p.PluginsService     ] [VYCxdHp] loaded module [reindex]
[2020-02-15T11:07:44,717][INFO ][o.e.p.PluginsService     ] [VYCxdHp] loaded module [repository-url]
[2020-02-15T11:07:44,717][INFO ][o.e.p.PluginsService     ] [VYCxdHp] loaded module [transport-netty4]
[2020-02-15T11:07:44,717][INFO ][o.e.p.PluginsService     ] [VYCxdHp] loaded module [tribe]
[2020-02-15T11:07:44,717][INFO ][o.e.p.PluginsService     ] [VYCxdHp] loaded module [x-pack-core]
[2020-02-15T11:07:44,717][INFO ][o.e.p.PluginsService     ] [VYCxdHp] loaded module [x-pack-deprecation]
[2020-02-15T11:07:44,717][INFO ][o.e.p.PluginsService     ] [VYCxdHp] loaded module [x-pack-graph]
[2020-02-15T11:07:44,717][INFO ][o.e.p.PluginsService     ] [VYCxdHp] loaded module [x-pack-logstash]
[2020-02-15T11:07:44,718][INFO ][o.e.p.PluginsService     ] [VYCxdHp] loaded module [x-pack-ml]
[2020-02-15T11:07:44,718][INFO ][o.e.p.PluginsService     ] [VYCxdHp] loaded module [x-pack-monitoring]
[2020-02-15T11:07:44,718][INFO ][o.e.p.PluginsService     ] [VYCxdHp] loaded module [x-pack-rollup]
[2020-02-15T11:07:44,718][INFO ][o.e.p.PluginsService     ] [VYCxdHp] loaded module [x-pack-security]
[2020-02-15T11:07:44,718][INFO ][o.e.p.PluginsService     ] [VYCxdHp] loaded module [x-pack-sql]
[2020-02-15T11:07:44,718][INFO ][o.e.p.PluginsService     ] [VYCxdHp] loaded module [x-pack-upgrade]
[2020-02-15T11:07:44,718][INFO ][o.e.p.PluginsService     ] [VYCxdHp] loaded module [x-pack-watcher]
[2020-02-15T11:07:44,718][INFO ][o.e.p.PluginsService     ] [VYCxdHp] no plugins loaded
[2020-02-15T11:07:52,155][INFO ][o.e.x.s.a.s.FileRolesStore] [VYCxdHp] parsed [0] roles from file [/opt/es/elasticsearch-6.3.1/config/roles.yml]
[2020-02-15T11:07:53,271][INFO ][o.e.x.m.j.p.l.CppLogMessageHandler] [controller/4741] [Main.cc@109] controller (64 bit): Version 6.3.1 (Build 4d0b8f0a0ef401) Copyright (c) 2018 Elasticsearch BV
[2020-02-15T11:07:54,147][DEBUG][o.e.a.ActionModule       ] Using REST wrapper from plugin org.elasticsearch.xpack.security.Security
[2020-02-15T11:07:54,619][INFO ][o.e.d.DiscoveryModule    ] [VYCxdHp] using discovery type [zen]
[2020-02-15T11:07:56,801][INFO ][o.e.n.Node               ] [VYCxdHp] initialized
[2020-02-15T11:07:56,802][INFO ][o.e.n.Node               ] [VYCxdHp] starting ...
[2020-02-15T11:07:57,290][INFO ][o.e.t.TransportService   ] [VYCxdHp] publish_address {172.17.0.1:9300}, bound_addresses {0.0.0.0:9300}
[2020-02-15T11:07:57,347][INFO ][o.e.b.BootstrapChecks    ] [VYCxdHp] bound or publishing to a non-loopback address, enforcing bootstrap checks
[2020-02-15T11:08:00,543][INFO ][o.e.c.s.MasterService    ] [VYCxdHp] zen-disco-elected-as-master ([0] nodes joined)[, ], reason: new_master {VYCxdHp}{VYCxdHpeTiamVNz1dvjIww}{ireOM2xkR1ekAgA6p7fc0w}{172.17.0.1}{172.17.0.1:9300}{ml.machine_memory=1928933376, xpack.installed=true, ml.max_open_jobs=20, ml.enabled=true}
[2020-02-15T11:08:00,558][INFO ][o.e.c.s.ClusterApplierService] [VYCxdHp] new_master {VYCxdHp}{VYCxdHpeTiamVNz1dvjIww}{ireOM2xkR1ekAgA6p7fc0w}{172.17.0.1}{172.17.0.1:9300}{ml.machine_memory=1928933376, xpack.installed=true, ml.max_open_jobs=20, ml.enabled=true}, reason: apply cluster state (from master [master {VYCxdHp}{VYCxdHpeTiamVNz1dvjIww}{ireOM2xkR1ekAgA6p7fc0w}{172.17.0.1}{172.17.0.1:9300}{ml.machine_memory=1928933376, xpack.installed=true, ml.max_open_jobs=20, ml.enabled=true} committed version [1] source [zen-disco-elected-as-master ([0] nodes joined)[, ]]])
[2020-02-15T11:08:00,657][INFO ][o.e.x.s.t.n.SecurityNetty4HttpServerTransport] [VYCxdHp] publish_address {172.17.0.1:9200}, bound_addresses {0.0.0.0:9200}
[2020-02-15T11:08:00,658][INFO ][o.e.n.Node               ] [VYCxdHp] started
[2020-02-15T11:08:00,700][WARN ][o.e.x.s.a.s.m.NativeRoleMappingStore] [VYCxdHp] Failed to clear cache for realms [[]]
[2020-02-15T11:08:00,883][INFO ][o.e.g.GatewayService     ] [VYCxdHp] recovered [0] indices into cluster_state
[2020-02-15T11:08:01,484][INFO ][o.e.c.m.MetaDataIndexTemplateService] [VYCxdHp] adding template [.watch-history-7] for index patterns [.watcher-history-7*]
[2020-02-15T11:08:01,604][INFO ][o.e.c.m.MetaDataIndexTemplateService] [VYCxdHp] adding template [.watches] for index patterns [.watches*]
[2020-02-15T11:08:01,674][INFO ][o.e.c.m.MetaDataIndexTemplateService] [VYCxdHp] adding template [.triggered_watches] for index patterns [.triggered_watches*]
[2020-02-15T11:08:01,833][INFO ][o.e.c.m.MetaDataIndexTemplateService] [VYCxdHp] adding template [.monitoring-logstash] for index patterns [.monitoring-logstash-6-*]
[2020-02-15T11:08:02,026][INFO ][o.e.c.m.MetaDataIndexTemplateService] [VYCxdHp] adding template [.monitoring-es] for index patterns [.monitoring-es-6-*]
[2020-02-15T11:08:02,087][INFO ][o.e.c.m.MetaDataIndexTemplateService] [VYCxdHp] adding template [.monitoring-beats] for index patterns [.monitoring-beats-6-*]
[2020-02-15T11:08:02,150][INFO ][o.e.c.m.MetaDataIndexTemplateService] [VYCxdHp] adding template [.monitoring-alerts] for index patterns [.monitoring-alerts-6]
[2020-02-15T11:08:02,216][INFO ][o.e.c.m.MetaDataIndexTemplateService] [VYCxdHp] adding template [.monitoring-kibana] for index patterns [.monitoring-kibana-6-*]
[2020-02-15T11:08:02,397][INFO ][o.e.l.LicenseService     ] [VYCxdHp] license [b0d256a5-36b0-4bb3-89f9-472e9ccc441c] mode [basic] - valid
[2020-02-15T11:56:40,281][INFO ][o.e.x.m.j.p.NativeController] Native controller process has stopped - no new native processes can be started
[2020-02-15T11:56:40,316][INFO ][o.e.n.Node               ] [VYCxdHp] stopping ...
[2020-02-15T11:56:40,346][INFO ][o.e.x.w.WatcherService   ] [VYCxdHp] stopping watch service, reason [shutdown initiated]
[2020-02-15T11:56:40,864][INFO ][o.e.n.Node               ] [VYCxdHp] stopped
[2020-02-15T11:56:40,865][INFO ][o.e.n.Node               ] [VYCxdHp] closing ...
[2020-02-15T11:56:40,940][INFO ][o.e.n.Node               ] [VYCxdHp] closed
[2020-02-15T12:04:47,344][INFO ][o.e.n.Node               ] [] initializing ...
[2020-02-15T12:04:47,521][INFO ][o.e.e.NodeEnvironment    ] [VYCxdHp] using [1] data paths, mounts [[/ (rootfs)]], net usable_space [31.2gb], net total_space [39.2gb], types [rootfs]
[2020-02-15T12:04:47,521][INFO ][o.e.e.NodeEnvironment    ] [VYCxdHp] heap size [61.8mb], compressed ordinary object pointers [true]
[2020-02-15T12:04:47,523][INFO ][o.e.n.Node               ] [VYCxdHp] node name derived from node ID [VYCxdHpeTiamVNz1dvjIww]; set [node.name] to override
[2020-02-15T12:04:47,524][INFO ][o.e.n.Node               ] [VYCxdHp] version[6.3.1], pid[7582], build[default/tar/eb782d0/2018-06-29T21:59:26.107521Z], OS[Linux/3.10.0-514.26.2.el7.x86_64/amd64], JVM[Oracle Corporation/Java HotSpot(TM) 64-Bit Server VM/1.8.0_171/25.171-b11]
[2020-02-15T12:04:47,524][INFO ][o.e.n.Node               ] [VYCxdHp] JVM arguments [-Xms64m, -Xmx64m, -XX:+UseConcMarkSweepGC, -XX:CMSInitiatingOccupancyFraction=75, -XX:+UseCMSInitiatingOccupancyOnly, -XX:+AlwaysPreTouch, -Xss1m, -Djava.awt.headless=true, -Dfile.encoding=UTF-8, -Djna.nosys=true, -XX:-OmitStackTraceInFastThrow, -Dio.netty.noUnsafe=true, -Dio.netty.noKeySetOptimization=true, -Dio.netty.recycler.maxCapacityPerThread=0, -Dlog4j.shutdownHookEnabled=false, -Dlog4j2.disable.jmx=true, -Djava.io.tmpdir=/tmp/elasticsearch.YYXtZdOs, -XX:+HeapDumpOnOutOfMemoryError, -XX:HeapDumpPath=data, -XX:ErrorFile=logs/hs_err_pid%p.log, -XX:+PrintGCDetails, -XX:+PrintGCDateStamps, -XX:+PrintTenuringDistribution, -XX:+PrintGCApplicationStoppedTime, -Xloggc:logs/gc.log, -XX:+UseGCLogFileRotation, -XX:NumberOfGCLogFiles=32, -XX:GCLogFileSize=64m, -Des.path.home=/opt/es/elasticsearch-6.3.1, -Des.path.conf=/opt/es/elasticsearch-6.3.1/config, -Des.distribution.flavor=default, -Des.distribution.type=tar]
[2020-02-15T12:04:54,601][INFO ][o.e.p.PluginsService     ] [VYCxdHp] loaded module [aggs-matrix-stats]
[2020-02-15T12:04:54,601][INFO ][o.e.p.PluginsService     ] [VYCxdHp] loaded module [analysis-common]
[2020-02-15T12:04:54,603][INFO ][o.e.p.PluginsService     ] [VYCxdHp] loaded module [ingest-common]
[2020-02-15T12:04:54,603][INFO ][o.e.p.PluginsService     ] [VYCxdHp] loaded module [lang-expression]
[2020-02-15T12:04:54,603][INFO ][o.e.p.PluginsService     ] [VYCxdHp] loaded module [lang-mustache]
[2020-02-15T12:04:54,603][INFO ][o.e.p.PluginsService     ] [VYCxdHp] loaded module [lang-painless]
[2020-02-15T12:04:54,603][INFO ][o.e.p.PluginsService     ] [VYCxdHp] loaded module [mapper-extras]
[2020-02-15T12:04:54,603][INFO ][o.e.p.PluginsService     ] [VYCxdHp] loaded module [parent-join]
[2020-02-15T12:04:54,603][INFO ][o.e.p.PluginsService     ] [VYCxdHp] loaded module [percolator]
[2020-02-15T12:04:54,604][INFO ][o.e.p.PluginsService     ] [VYCxdHp] loaded module [rank-eval]
[2020-02-15T12:04:54,604][INFO ][o.e.p.PluginsService     ] [VYCxdHp] loaded module [reindex]
[2020-02-15T12:04:54,604][INFO ][o.e.p.PluginsService     ] [VYCxdHp] loaded module [repository-url]
[2020-02-15T12:04:54,604][INFO ][o.e.p.PluginsService     ] [VYCxdHp] loaded module [transport-netty4]
[2020-02-15T12:04:54,604][INFO ][o.e.p.PluginsService     ] [VYCxdHp] loaded module [tribe]
[2020-02-15T12:04:54,604][INFO ][o.e.p.PluginsService     ] [VYCxdHp] loaded module [x-pack-core]
[2020-02-15T12:04:54,604][INFO ][o.e.p.PluginsService     ] [VYCxdHp] loaded module [x-pack-deprecation]
[2020-02-15T12:04:54,604][INFO ][o.e.p.PluginsService     ] [VYCxdHp] loaded module [x-pack-graph]
[2020-02-15T12:04:54,604][INFO ][o.e.p.PluginsService     ] [VYCxdHp] loaded module [x-pack-logstash]
[2020-02-15T12:04:54,604][INFO ][o.e.p.PluginsService     ] [VYCxdHp] loaded module [x-pack-ml]
[2020-02-15T12:04:54,604][INFO ][o.e.p.PluginsService     ] [VYCxdHp] loaded module [x-pack-monitoring]
[2020-02-15T12:04:54,605][INFO ][o.e.p.PluginsService     ] [VYCxdHp] loaded module [x-pack-rollup]
[2020-02-15T12:04:54,605][INFO ][o.e.p.PluginsService     ] [VYCxdHp] loaded module [x-pack-security]
[2020-02-15T12:04:54,605][INFO ][o.e.p.PluginsService     ] [VYCxdHp] loaded module [x-pack-sql]
[2020-02-15T12:04:54,605][INFO ][o.e.p.PluginsService     ] [VYCxdHp] loaded module [x-pack-upgrade]
[2020-02-15T12:04:54,605][INFO ][o.e.p.PluginsService     ] [VYCxdHp] loaded module [x-pack-watcher]
[2020-02-15T12:04:54,605][INFO ][o.e.p.PluginsService     ] [VYCxdHp] loaded plugin [analysis-ik]
[2020-02-15T12:05:03,243][INFO ][o.e.x.s.a.s.FileRolesStore] [VYCxdHp] parsed [0] roles from file [/opt/es/elasticsearch-6.3.1/config/roles.yml]
[2020-02-15T12:05:04,660][INFO ][o.e.x.m.j.p.l.CppLogMessageHandler] [controller/7639] [Main.cc@109] controller (64 bit): Version 6.3.1 (Build 4d0b8f0a0ef401) Copyright (c) 2018 Elasticsearch BV
[2020-02-15T12:05:05,798][DEBUG][o.e.a.ActionModule       ] Using REST wrapper from plugin org.elasticsearch.xpack.security.Security
[2020-02-15T12:05:06,643][INFO ][o.e.d.DiscoveryModule    ] [VYCxdHp] using discovery type [zen]
[2020-02-15T12:05:09,528][INFO ][o.e.n.Node               ] [VYCxdHp] initialized
[2020-02-15T12:05:09,528][INFO ][o.e.n.Node               ] [VYCxdHp] starting ...
[2020-02-15T12:05:10,058][INFO ][o.e.t.TransportService   ] [VYCxdHp] publish_address {172.17.0.1:9300}, bound_addresses {0.0.0.0:9300}
[2020-02-15T12:05:10,139][INFO ][o.e.b.BootstrapChecks    ] [VYCxdHp] bound or publishing to a non-loopback address, enforcing bootstrap checks
[2020-02-15T12:05:13,347][INFO ][o.e.c.s.MasterService    ] [VYCxdHp] zen-disco-elected-as-master ([0] nodes joined)[, ], reason: new_master {VYCxdHp}{VYCxdHpeTiamVNz1dvjIww}{kAGVKzFuS9yHe5pbRG56zQ}{172.17.0.1}{172.17.0.1:9300}{ml.machine_memory=1928933376, xpack.installed=true, ml.max_open_jobs=20, ml.enabled=true}
[2020-02-15T12:05:13,359][INFO ][o.e.c.s.ClusterApplierService] [VYCxdHp] new_master {VYCxdHp}{VYCxdHpeTiamVNz1dvjIww}{kAGVKzFuS9yHe5pbRG56zQ}{172.17.0.1}{172.17.0.1:9300}{ml.machine_memory=1928933376, xpack.installed=true, ml.max_open_jobs=20, ml.enabled=true}, reason: apply cluster state (from master [master {VYCxdHp}{VYCxdHpeTiamVNz1dvjIww}{kAGVKzFuS9yHe5pbRG56zQ}{172.17.0.1}{172.17.0.1:9300}{ml.machine_memory=1928933376, xpack.installed=true, ml.max_open_jobs=20, ml.enabled=true} committed version [1] source [zen-disco-elected-as-master ([0] nodes joined)[, ]]])
[2020-02-15T12:05:13,501][INFO ][o.e.x.s.t.n.SecurityNetty4HttpServerTransport] [VYCxdHp] publish_address {172.17.0.1:9200}, bound_addresses {0.0.0.0:9200}
[2020-02-15T12:05:13,501][INFO ][o.e.n.Node               ] [VYCxdHp] started
[2020-02-15T12:05:14,148][WARN ][o.e.x.s.a.s.m.NativeRoleMappingStore] [VYCxdHp] Failed to clear cache for realms [[]]
[2020-02-15T12:05:14,250][INFO ][o.e.l.LicenseService     ] [VYCxdHp] license [b0d256a5-36b0-4bb3-89f9-472e9ccc441c] mode [basic] - valid
[2020-02-15T12:05:14,296][INFO ][o.e.g.GatewayService     ] [VYCxdHp] recovered [0] indices into cluster_state
